<?xml version="1.0" encoding="UTF-8"?>
<testsuite name="com.traits.UserSpec" tests="1" skipped="0" failures="1" errors="0" timestamp="2016-10-06T09:18:32" hostname="nester-Lenovo-G50-70" time="2.813">
  <properties/>
  <testcase name="test something" classname="com.traits.UserSpec" time="2.813">
    <failure message="Condition not satisfied:&#10;&#10;true == false&#10;     |&#10;     false&#10;" type="org.spockframework.runtime.SpockComparisonFailure">Condition not satisfied:

true == false
     |
     false

	at com.traits.UserSpec.test something(UserSpec.groovy:20)
</failure>
  </testcase>
  <system-out><![CDATA[]]></system-out>
  <system-err><![CDATA[]]></system-err>
</testsuite>
